<?xml version="1.0" encoding="UTF-8"?>
<!-- Generated by org.testng.reporters.JUnitReportReporter -->
<testsuite skipped="0" hostname="MONICA" name="com.makemytrip.qa.testcases.FlightsPageTest" tests="3" failures="0" timestamp="16 Jan 2020 19:24:26 GMT" time="82.692" errors="0">
  <testcase name="FlightsPageTitleTest" time="27.655" classname="com.makemytrip.qa.testcases.FlightsPageTest"/>
  <testcase name="FlightsPageUserNameTest" time="28.250" classname="com.makemytrip.qa.testcases.FlightsPageTest"/>
  <testcase name="verifyReturnStatusForOneWayTest" time="26.787" classname="com.makemytrip.qa.testcases.FlightsPageTest"/>
</testsuite> <!-- com.makemytrip.qa.testcases.FlightsPageTest -->
