<?xml version="1.0" encoding="UTF-8"?>
<!-- Generated by org.testng.reporters.JUnitReportReporter -->
<testsuite skipped="0" hostname="MONICA" name="com.makemytrip.qa.testcases.LoginPageTest" tests="3" failures="0" timestamp="16 Jan 2020 19:24:26 GMT" time="42.164" errors="0">
  <testcase name="loginPageTitleTest" time="12.126" classname="com.makemytrip.qa.testcases.LoginPageTest"/>
  <testcase name="verifyLogoTest" time="13.191" classname="com.makemytrip.qa.testcases.LoginPageTest"/>
  <testcase name="loginTest" time="16.847" classname="com.makemytrip.qa.testcases.LoginPageTest"/>
</testsuite> <!-- com.makemytrip.qa.testcases.LoginPageTest -->
